<?xml version="1.0" encoding="UTF-8"?>
<testsuite xmlns:xsi="http://www.w3.org/2001/XMLSchema-instance" xsi:noNamespaceSchemaLocation="https://maven.apache.org/surefire/maven-surefire-plugin/xsd/surefire-test-report-3.0.xsd" version="3.0" name="TestSuite" time="40.108" tests="2" errors="0" skipped="0" failures="0">
  <properties>
    <property name="gopherProxySet" value="false"/>
    <property name="awt.toolkit" value="sun.lwawt.macosx.LWCToolkit"/>
    <property name="java.specification.version" value="1.8"/>
    <property name="file.encoding.pkg" value="sun.io"/>
    <property name="webdriver.chrome.driver" value="./chromedriver"/>
    <property name="sun.cpu.isalist" value=""/>
    <property name="sun.jnu.encoding" value="UTF-8"/>
    <property name="java.class.path" value="/Users/sunilshankaramurthy/MyProjs/UI_Automationss/target/test-classes:/Users/sunilshankaramurthy/MyProjs/UI_Automationss/target/classes:/Users/sunilshankaramurthy/.m2/repository/io/cucumber/cucumber-java/6.7.0/cucumber-java-6.7.0.jar:/Users/sunilshankaramurthy/.m2/repository/io/cucumber/cucumber-core/6.7.0/cucumber-core-6.7.0.jar:/Users/sunilshankaramurthy/.m2/repository/io/cucumber/cucumber-gherkin/6.7.0/cucumber-gherkin-6.7.0.jar:/Users/sunilshankaramurthy/.m2/repository/io/cucumber/cucumber-gherkin-messages/6.7.0/cucumber-gherkin-messages-6.7.0.jar:/Users/sunilshankaramurthy/.m2/repository/io/cucumber/messages/13.0.1/messages-13.0.1.jar:/Users/sunilshankaramurthy/.m2/repository/io/cucumber/tag-expressions/3.0.0/tag-expressions-3.0.0.jar:/Users/sunilshankaramurthy/.m2/repository/io/cucumber/cucumber-expressions/10.3.0/cucumber-expressions-10.3.0.jar:/Users/sunilshankaramurthy/.m2/repository/io/cucumber/datatable/3.4.0/datatable-3.4.0.jar:/Users/sunilshankaramurthy/.m2/repository/io/cucumber/cucumber-plugin/6.7.0/cucumber-plugin-6.7.0.jar:/Users/sunilshankaramurthy/.m2/repository/io/cucumber/docstring/6.7.0/docstring-6.7.0.jar:/Users/sunilshankaramurthy/.m2/repository/io/cucumber/html-formatter/9.0.0/html-formatter-9.0.0.jar:/Users/sunilshankaramurthy/.m2/repository/io/cucumber/create-meta/2.0.2/create-meta-2.0.2.jar:/Users/sunilshankaramurthy/.m2/repository/org/apiguardian/apiguardian-api/1.1.0/apiguardian-api-1.1.0.jar:/Users/sunilshankaramurthy/.m2/repository/io/cucumber/cucumber-testng/6.7.0/cucumber-testng-6.7.0.jar:/Users/sunilshankaramurthy/.m2/repository/org/testng/testng/7.3.0/testng-7.3.0.jar:/Users/sunilshankaramurthy/.m2/repository/com/beust/jcommander/1.78/jcommander-1.78.jar:/Users/sunilshankaramurthy/.m2/repository/org/apache/ant/ant/1.10.3/ant-1.10.3.jar:/Users/sunilshankaramurthy/.m2/repository/org/apache/ant/ant-launcher/1.10.3/ant-launcher-1.10.3.jar:/Users/sunilshankaramurthy/.m2/repository/junit/junit/4.12/junit-4.12.jar:/Users/sunilshankaramurthy/.m2/repository/org/hamcrest/hamcrest-core/1.3/hamcrest-core-1.3.jar:/Users/sunilshankaramurthy/.m2/repository/com/google/inject/guice/4.2.2/guice-4.2.2-no_aop.jar:/Users/sunilshankaramurthy/.m2/repository/javax/inject/javax.inject/1/javax.inject-1.jar:/Users/sunilshankaramurthy/.m2/repository/aopalliance/aopalliance/1.0/aopalliance-1.0.jar:/Users/sunilshankaramurthy/.m2/repository/org/yaml/snakeyaml/1.21/snakeyaml-1.21.jar:/Users/sunilshankaramurthy/.m2/repository/org/seleniumhq/selenium/selenium-java/4.0.0/selenium-java-4.0.0.jar:/Users/sunilshankaramurthy/.m2/repository/org/seleniumhq/selenium/selenium-api/4.0.0/selenium-api-4.0.0.jar:/Users/sunilshankaramurthy/.m2/repository/org/seleniumhq/selenium/selenium-chrome-driver/4.0.0/selenium-chrome-driver-4.0.0.jar:/Users/sunilshankaramurthy/.m2/repository/com/google/auto/service/auto-service-annotations/1.0/auto-service-annotations-1.0.jar:/Users/sunilshankaramurthy/.m2/repository/com/google/auto/service/auto-service/1.0/auto-service-1.0.jar:/Users/sunilshankaramurthy/.m2/repository/com/google/auto/auto-common/1.0/auto-common-1.0.jar:/Users/sunilshankaramurthy/.m2/repository/org/seleniumhq/selenium/selenium-chromium-driver/4.0.0/selenium-chromium-driver-4.0.0.jar:/Users/sunilshankaramurthy/.m2/repository/org/seleniumhq/selenium/selenium-json/4.0.0/selenium-json-4.0.0.jar:/Users/sunilshankaramurthy/.m2/repository/org/seleniumhq/selenium/selenium-devtools-v85/4.0.0/selenium-devtools-v85-4.0.0.jar:/Users/sunilshankaramurthy/.m2/repository/org/seleniumhq/selenium/selenium-devtools-v93/4.0.0/selenium-devtools-v93-4.0.0.jar:/Users/sunilshankaramurthy/.m2/repository/org/seleniumhq/selenium/selenium-devtools-v94/4.0.0/selenium-devtools-v94-4.0.0.jar:/Users/sunilshankaramurthy/.m2/repository/org/seleniumhq/selenium/selenium-devtools-v95/4.0.0/selenium-devtools-v95-4.0.0.jar:/Users/sunilshankaramurthy/.m2/repository/org/seleniumhq/selenium/selenium-edge-driver/4.0.0/selenium-edge-driver-4.0.0.jar:/Users/sunilshankaramurthy/.m2/repository/org/seleniumhq/selenium/selenium-firefox-driver/4.0.0/selenium-firefox-driver-4.0.0.jar:/Users/sunilshankaramurthy/.m2/repository/org/seleniumhq/selenium/selenium-firefox-xpi-driver/4.0.0/selenium-firefox-xpi-driver-4.0.0.jar:/Users/sunilshankaramurthy/.m2/repository/org/seleniumhq/selenium/selenium-ie-driver/4.0.0/selenium-ie-driver-4.0.0.jar:/Users/sunilshankaramurthy/.m2/repository/org/seleniumhq/selenium/selenium-opera-driver/4.0.0/selenium-opera-driver-4.0.0.jar:/Users/sunilshankaramurthy/.m2/repository/org/seleniumhq/selenium/selenium-remote-driver/4.0.0/selenium-remote-driver-4.0.0.jar:/Users/sunilshankaramurthy/.m2/repository/io/netty/netty-buffer/4.1.68.Final/netty-buffer-4.1.68.Final.jar:/Users/sunilshankaramurthy/.m2/repository/io/netty/netty-codec-http/4.1.67.Final/netty-codec-http-4.1.67.Final.jar:/Users/sunilshankaramurthy/.m2/repository/io/netty/netty-codec/4.1.67.Final/netty-codec-4.1.67.Final.jar:/Users/sunilshankaramurthy/.m2/repository/io/netty/netty-handler/4.1.67.Final/netty-handler-4.1.67.Final.jar:/Users/sunilshankaramurthy/.m2/repository/io/netty/netty-common/4.1.68.Final/netty-common-4.1.68.Final.jar:/Users/sunilshankaramurthy/.m2/repository/io/netty/netty-transport-native-epoll/4.1.67.Final/netty-transport-native-epoll-4.1.67.Final.jar:/Users/sunilshankaramurthy/.m2/repository/io/netty/netty-transport-native-kqueue/4.1.67.Final/netty-transport-native-kqueue-4.1.67.Final.jar:/Users/sunilshankaramurthy/.m2/repository/io/netty/netty-transport-native-unix-common/4.1.67.Final/netty-transport-native-unix-common-4.1.67.Final.jar:/Users/sunilshankaramurthy/.m2/repository/io/netty/netty-transport/4.1.68.Final/netty-transport-4.1.68.Final.jar:/Users/sunilshankaramurthy/.m2/repository/io/netty/netty-resolver/4.1.68.Final/netty-resolver-4.1.68.Final.jar:/Users/sunilshankaramurthy/.m2/repository/io/opentelemetry/opentelemetry-api/1.6.0/opentelemetry-api-1.6.0.jar:/Users/sunilshankaramurthy/.m2/repository/io/opentelemetry/opentelemetry-context/1.6.0/opentelemetry-context-1.6.0.jar:/Users/sunilshankaramurthy/.m2/repository/io/opentelemetry/opentelemetry-exporter-logging/1.6.0/opentelemetry-exporter-logging-1.6.0.jar:/Users/sunilshankaramurthy/.m2/repository/io/opentelemetry/opentelemetry-sdk-metrics/1.6.0-alpha/opentelemetry-sdk-metrics-1.6.0-alpha.jar:/Users/sunilshankaramurthy/.m2/repository/io/opentelemetry/opentelemetry-sdk-common/1.6.0/opentelemetry-sdk-common-1.6.0.jar:/Users/sunilshankaramurthy/.m2/repository/io/opentelemetry/opentelemetry-sdk-extension-autoconfigure-spi/1.6.0/opentelemetry-sdk-extension-autoconfigure-spi-1.6.0.jar:/Users/sunilshankaramurthy/.m2/repository/io/opentelemetry/opentelemetry-sdk-extension-autoconfigure/1.6.0-alpha/opentelemetry-sdk-extension-autoconfigure-1.6.0-alpha.jar:/Users/sunilshankaramurthy/.m2/repository/io/opentelemetry/opentelemetry-sdk-trace/1.6.0/opentelemetry-sdk-trace-1.6.0.jar:/Users/sunilshankaramurthy/.m2/repository/io/opentelemetry/opentelemetry-api-metrics/1.6.0-alpha/opentelemetry-api-metrics-1.6.0-alpha.jar:/Users/sunilshankaramurthy/.m2/repository/io/opentelemetry/opentelemetry-sdk/1.6.0/opentelemetry-sdk-1.6.0.jar:/Users/sunilshankaramurthy/.m2/repository/io/opentelemetry/opentelemetry-semconv/1.6.0-alpha/opentelemetry-semconv-1.6.0-alpha.jar:/Users/sunilshankaramurthy/.m2/repository/io/ous/jtoml/2.0.0/jtoml-2.0.0.jar:/Users/sunilshankaramurthy/.m2/repository/net/bytebuddy/byte-buddy/1.11.19/byte-buddy-1.11.19.jar:/Users/sunilshankaramurthy/.m2/repository/org/apache/commons/commons-exec/1.3/commons-exec-1.3.jar:/Users/sunilshankaramurthy/.m2/repository/org/asynchttpclient/async-http-client/2.12.3/async-http-client-2.12.3.jar:/Users/sunilshankaramurthy/.m2/repository/org/asynchttpclient/async-http-client-netty-utils/2.12.3/async-http-client-netty-utils-2.12.3.jar:/Users/sunilshankaramurthy/.m2/repository/io/netty/netty-codec-socks/4.1.60.Final/netty-codec-socks-4.1.60.Final.jar:/Users/sunilshankaramurthy/.m2/repository/io/netty/netty-handler-proxy/4.1.60.Final/netty-handler-proxy-4.1.60.Final.jar:/Users/sunilshankaramurthy/.m2/repository/io/netty/netty-transport-native-epoll/4.1.60.Final/netty-transport-native-epoll-4.1.60.Final-linux-x86_64.jar:/Users/sunilshankaramurthy/.m2/repository/io/netty/netty-transport-native-kqueue/4.1.60.Final/netty-transport-native-kqueue-4.1.60.Final-osx-x86_64.jar:/Users/sunilshankaramurthy/.m2/repository/com/typesafe/netty/netty-reactive-streams/2.0.4/netty-reactive-streams-2.0.4.jar:/Users/sunilshankaramurthy/.m2/repository/org/slf4j/slf4j-api/1.7.30/slf4j-api-1.7.30.jar:/Users/sunilshankaramurthy/.m2/repository/com/sun/activation/jakarta.activation/1.2.2/jakarta.activation-1.2.2.jar:/Users/sunilshankaramurthy/.m2/repository/org/seleniumhq/selenium/selenium-http/4.0.0/selenium-http-4.0.0.jar:/Users/sunilshankaramurthy/.m2/repository/org/seleniumhq/selenium/selenium-safari-driver/4.0.0/selenium-safari-driver-4.0.0.jar:/Users/sunilshankaramurthy/.m2/repository/org/seleniumhq/selenium/selenium-support/4.0.0/selenium-support-4.0.0.jar:/Users/sunilshankaramurthy/.m2/repository/tech/grasshopper/extentreports-cucumber6-adapter/2.8.4/extentreports-cucumber6-adapter-2.8.4.jar:/Users/sunilshankaramurthy/.m2/repository/tech/grasshopper/extent-pdf-report/1.7.4/extent-pdf-report-1.7.4.jar:/Users/sunilshankaramurthy/.m2/repository/tech/grasshopper/cucumber-pdf-report/2.2.4/cucumber-pdf-report-2.2.4.jar:/Users/sunilshankaramurthy/.m2/repository/org/apache/pdfbox/pdfbox/2.0.22/pdfbox-2.0.22.jar:/Users/sunilshankaramurthy/.m2/repository/org/apache/pdfbox/fontbox/2.0.22/fontbox-2.0.22.jar:/Users/sunilshankaramurthy/.m2/repository/org/knowm/xchart/xchart/3.8.0/xchart-3.8.0.jar:/Users/sunilshankaramurthy/.m2/repository/de/erichseifert/vectorgraphics2d/VectorGraphics2D/0.13/VectorGraphics2D-0.13.jar:/Users/sunilshankaramurthy/.m2/repository/de/rototor/pdfbox/graphics2d/0.30/graphics2d-0.30.jar:/Users/sunilshankaramurthy/.m2/repository/com/madgag/animated-gif-lib/1.4/animated-gif-lib-1.4.jar:/Users/sunilshankaramurthy/.m2/repository/tech/grasshopper/table-layout/1.2.0/table-layout-1.2.0.jar:/Users/sunilshankaramurthy/.m2/repository/org/jsoup/jsoup/1.13.1/jsoup-1.13.1.jar:/Users/sunilshankaramurthy/.m2/repository/com/aventstack/klov-reporter/5.0.8/klov-reporter-5.0.8.jar:/Users/sunilshankaramurthy/.m2/repository/org/mongodb/bson/3.6.4/bson-3.6.4.jar:/Users/sunilshankaramurthy/.m2/repository/org/apache/httpcomponents/httpclient/4.5.2/httpclient-4.5.2.jar:/Users/sunilshankaramurthy/.m2/repository/org/apache/httpcomponents/httpcore/4.4.4/httpcore-4.4.4.jar:/Users/sunilshankaramurthy/.m2/repository/commons-logging/commons-logging/1.2/commons-logging-1.2.jar:/Users/sunilshankaramurthy/.m2/repository/commons-codec/commons-codec/1.9/commons-codec-1.9.jar:/Users/sunilshankaramurthy/.m2/repository/org/apache/httpcomponents/httpmime/4.5.2/httpmime-4.5.2.jar:/Users/sunilshankaramurthy/.m2/repository/org/mongodb/mongodb-driver/3.3.0/mongodb-driver-3.3.0.jar:/Users/sunilshankaramurthy/.m2/repository/org/mongodb/mongodb-driver-core/3.3.0/mongodb-driver-core-3.3.0.jar:/Users/sunilshankaramurthy/.m2/repository/com/google/guava/guava/24.1-jre/guava-24.1-jre.jar:/Users/sunilshankaramurthy/.m2/repository/com/google/code/findbugs/jsr305/1.3.9/jsr305-1.3.9.jar:/Users/sunilshankaramurthy/.m2/repository/org/checkerframework/checker-compat-qual/2.0.0/checker-compat-qual-2.0.0.jar:/Users/sunilshankaramurthy/.m2/repository/com/google/errorprone/error_prone_annotations/2.1.3/error_prone_annotations-2.1.3.jar:/Users/sunilshankaramurthy/.m2/repository/com/google/j2objc/j2objc-annotations/1.1/j2objc-annotations-1.1.jar:/Users/sunilshankaramurthy/.m2/repository/org/codehaus/mojo/animal-sniffer-annotations/1.14/animal-sniffer-annotations-1.14.jar:/Users/sunilshankaramurthy/.m2/repository/com/aventstack/extentreports/5.0.8/extentreports-5.0.8.jar:/Users/sunilshankaramurthy/.m2/repository/io/reactivex/rxjava3/rxjava/3.0.4/rxjava-3.0.4.jar:/Users/sunilshankaramurthy/.m2/repository/org/reactivestreams/reactive-streams/1.0.3/reactive-streams-1.0.3.jar:/Users/sunilshankaramurthy/.m2/repository/org/freemarker/freemarker/2.3.30/freemarker-2.3.30.jar:/Users/sunilshankaramurthy/.m2/repository/org/projectlombok/lombok/1.18.12/lombok-1.18.12.jar:/Users/sunilshankaramurthy/.m2/repository/com/google/code/gson/gson/2.8.6/gson-2.8.6.jar:"/>
    <property name="sun.awt.enableExtraMouseButtons" value="true"/>
    <property name="java.vm.vendor" value="Oracle Corporation"/>
    <property name="sun.arch.data.model" value="64"/>
    <property name="sun.font.fontmanager" value="sun.font.CFontManager"/>
    <property name="java.vendor.url" value="http://java.oracle.com/"/>
    <property name="user.timezone" value="Europe/London"/>
    <property name="java.vm.specification.version" value="1.8"/>
    <property name="os.name" value="Mac OS X"/>
    <property name="user.country" value="GB"/>
    <property name="sun.java.launcher" value="SUN_STANDARD"/>
    <property name="sun.boot.library.path" value="/Library/Java/JavaVirtualMachines/jdk1.8.0_281.jdk/Contents/Home/jre/lib"/>
    <property name="sun.java.command" value="/Users/sunilshankaramurthy/MyProjs/UI_Automationss/target/surefire/surefirebooter4083542222606452515.jar /Users/sunilshankaramurthy/MyProjs/UI_Automationss/target/surefire 2022-05-23T15-06-13_815-jvmRun1 surefire6957842538279677925tmp surefire_04935166058790660105tmp"/>
    <property name="http.nonProxyHosts" value="local|*.local|169.254/16|*.169.254/16"/>
    <property name="surefire.test.class.path" value="/Users/sunilshankaramurthy/MyProjs/UI_Automationss/target/test-classes:/Users/sunilshankaramurthy/MyProjs/UI_Automationss/target/classes:/Users/sunilshankaramurthy/.m2/repository/io/cucumber/cucumber-java/6.7.0/cucumber-java-6.7.0.jar:/Users/sunilshankaramurthy/.m2/repository/io/cucumber/cucumber-core/6.7.0/cucumber-core-6.7.0.jar:/Users/sunilshankaramurthy/.m2/repository/io/cucumber/cucumber-gherkin/6.7.0/cucumber-gherkin-6.7.0.jar:/Users/sunilshankaramurthy/.m2/repository/io/cucumber/cucumber-gherkin-messages/6.7.0/cucumber-gherkin-messages-6.7.0.jar:/Users/sunilshankaramurthy/.m2/repository/io/cucumber/messages/13.0.1/messages-13.0.1.jar:/Users/sunilshankaramurthy/.m2/repository/io/cucumber/tag-expressions/3.0.0/tag-expressions-3.0.0.jar:/Users/sunilshankaramurthy/.m2/repository/io/cucumber/cucumber-expressions/10.3.0/cucumber-expressions-10.3.0.jar:/Users/sunilshankaramurthy/.m2/repository/io/cucumber/datatable/3.4.0/datatable-3.4.0.jar:/Users/sunilshankaramurthy/.m2/repository/io/cucumber/cucumber-plugin/6.7.0/cucumber-plugin-6.7.0.jar:/Users/sunilshankaramurthy/.m2/repository/io/cucumber/docstring/6.7.0/docstring-6.7.0.jar:/Users/sunilshankaramurthy/.m2/repository/io/cucumber/html-formatter/9.0.0/html-formatter-9.0.0.jar:/Users/sunilshankaramurthy/.m2/repository/io/cucumber/create-meta/2.0.2/create-meta-2.0.2.jar:/Users/sunilshankaramurthy/.m2/repository/org/apiguardian/apiguardian-api/1.1.0/apiguardian-api-1.1.0.jar:/Users/sunilshankaramurthy/.m2/repository/io/cucumber/cucumber-testng/6.7.0/cucumber-testng-6.7.0.jar:/Users/sunilshankaramurthy/.m2/repository/org/testng/testng/7.3.0/testng-7.3.0.jar:/Users/sunilshankaramurthy/.m2/repository/com/beust/jcommander/1.78/jcommander-1.78.jar:/Users/sunilshankaramurthy/.m2/repository/org/apache/ant/ant/1.10.3/ant-1.10.3.jar:/Users/sunilshankaramurthy/.m2/repository/org/apache/ant/ant-launcher/1.10.3/ant-launcher-1.10.3.jar:/Users/sunilshankaramurthy/.m2/repository/junit/junit/4.12/junit-4.12.jar:/Users/sunilshankaramurthy/.m2/repository/org/hamcrest/hamcrest-core/1.3/hamcrest-core-1.3.jar:/Users/sunilshankaramurthy/.m2/repository/com/google/inject/guice/4.2.2/guice-4.2.2-no_aop.jar:/Users/sunilshankaramurthy/.m2/repository/javax/inject/javax.inject/1/javax.inject-1.jar:/Users/sunilshankaramurthy/.m2/repository/aopalliance/aopalliance/1.0/aopalliance-1.0.jar:/Users/sunilshankaramurthy/.m2/repository/org/yaml/snakeyaml/1.21/snakeyaml-1.21.jar:/Users/sunilshankaramurthy/.m2/repository/org/seleniumhq/selenium/selenium-java/4.0.0/selenium-java-4.0.0.jar:/Users/sunilshankaramurthy/.m2/repository/org/seleniumhq/selenium/selenium-api/4.0.0/selenium-api-4.0.0.jar:/Users/sunilshankaramurthy/.m2/repository/org/seleniumhq/selenium/selenium-chrome-driver/4.0.0/selenium-chrome-driver-4.0.0.jar:/Users/sunilshankaramurthy/.m2/repository/com/google/auto/service/auto-service-annotations/1.0/auto-service-annotations-1.0.jar:/Users/sunilshankaramurthy/.m2/repository/com/google/auto/service/auto-service/1.0/auto-service-1.0.jar:/Users/sunilshankaramurthy/.m2/repository/com/google/auto/auto-common/1.0/auto-common-1.0.jar:/Users/sunilshankaramurthy/.m2/repository/org/seleniumhq/selenium/selenium-chromium-driver/4.0.0/selenium-chromium-driver-4.0.0.jar:/Users/sunilshankaramurthy/.m2/repository/org/seleniumhq/selenium/selenium-json/4.0.0/selenium-json-4.0.0.jar:/Users/sunilshankaramurthy/.m2/repository/org/seleniumhq/selenium/selenium-devtools-v85/4.0.0/selenium-devtools-v85-4.0.0.jar:/Users/sunilshankaramurthy/.m2/repository/org/seleniumhq/selenium/selenium-devtools-v93/4.0.0/selenium-devtools-v93-4.0.0.jar:/Users/sunilshankaramurthy/.m2/repository/org/seleniumhq/selenium/selenium-devtools-v94/4.0.0/selenium-devtools-v94-4.0.0.jar:/Users/sunilshankaramurthy/.m2/repository/org/seleniumhq/selenium/selenium-devtools-v95/4.0.0/selenium-devtools-v95-4.0.0.jar:/Users/sunilshankaramurthy/.m2/repository/org/seleniumhq/selenium/selenium-edge-driver/4.0.0/selenium-edge-driver-4.0.0.jar:/Users/sunilshankaramurthy/.m2/repository/org/seleniumhq/selenium/selenium-firefox-driver/4.0.0/selenium-firefox-driver-4.0.0.jar:/Users/sunilshankaramurthy/.m2/repository/org/seleniumhq/selenium/selenium-firefox-xpi-driver/4.0.0/selenium-firefox-xpi-driver-4.0.0.jar:/Users/sunilshankaramurthy/.m2/repository/org/seleniumhq/selenium/selenium-ie-driver/4.0.0/selenium-ie-driver-4.0.0.jar:/Users/sunilshankaramurthy/.m2/repository/org/seleniumhq/selenium/selenium-opera-driver/4.0.0/selenium-opera-driver-4.0.0.jar:/Users/sunilshankaramurthy/.m2/repository/org/seleniumhq/selenium/selenium-remote-driver/4.0.0/selenium-remote-driver-4.0.0.jar:/Users/sunilshankaramurthy/.m2/repository/io/netty/netty-buffer/4.1.68.Final/netty-buffer-4.1.68.Final.jar:/Users/sunilshankaramurthy/.m2/repository/io/netty/netty-codec-http/4.1.67.Final/netty-codec-http-4.1.67.Final.jar:/Users/sunilshankaramurthy/.m2/repository/io/netty/netty-codec/4.1.67.Final/netty-codec-4.1.67.Final.jar:/Users/sunilshankaramurthy/.m2/repository/io/netty/netty-handler/4.1.67.Final/netty-handler-4.1.67.Final.jar:/Users/sunilshankaramurthy/.m2/repository/io/netty/netty-common/4.1.68.Final/netty-common-4.1.68.Final.jar:/Users/sunilshankaramurthy/.m2/repository/io/netty/netty-transport-native-epoll/4.1.67.Final/netty-transport-native-epoll-4.1.67.Final.jar:/Users/sunilshankaramurthy/.m2/repository/io/netty/netty-transport-native-kqueue/4.1.67.Final/netty-transport-native-kqueue-4.1.67.Final.jar:/Users/sunilshankaramurthy/.m2/repository/io/netty/netty-transport-native-unix-common/4.1.67.Final/netty-transport-native-unix-common-4.1.67.Final.jar:/Users/sunilshankaramurthy/.m2/repository/io/netty/netty-transport/4.1.68.Final/netty-transport-4.1.68.Final.jar:/Users/sunilshankaramurthy/.m2/repository/io/netty/netty-resolver/4.1.68.Final/netty-resolver-4.1.68.Final.jar:/Users/sunilshankaramurthy/.m2/repository/io/opentelemetry/opentelemetry-api/1.6.0/opentelemetry-api-1.6.0.jar:/Users/sunilshankaramurthy/.m2/repository/io/opentelemetry/opentelemetry-context/1.6.0/opentelemetry-context-1.6.0.jar:/Users/sunilshankaramurthy/.m2/repository/io/opentelemetry/opentelemetry-exporter-logging/1.6.0/opentelemetry-exporter-logging-1.6.0.jar:/Users/sunilshankaramurthy/.m2/repository/io/opentelemetry/opentelemetry-sdk-metrics/1.6.0-alpha/opentelemetry-sdk-metrics-1.6.0-alpha.jar:/Users/sunilshankaramurthy/.m2/repository/io/opentelemetry/opentelemetry-sdk-common/1.6.0/opentelemetry-sdk-common-1.6.0.jar:/Users/sunilshankaramurthy/.m2/repository/io/opentelemetry/opentelemetry-sdk-extension-autoconfigure-spi/1.6.0/opentelemetry-sdk-extension-autoconfigure-spi-1.6.0.jar:/Users/sunilshankaramurthy/.m2/repository/io/opentelemetry/opentelemetry-sdk-extension-autoconfigure/1.6.0-alpha/opentelemetry-sdk-extension-autoconfigure-1.6.0-alpha.jar:/Users/sunilshankaramurthy/.m2/repository/io/opentelemetry/opentelemetry-sdk-trace/1.6.0/opentelemetry-sdk-trace-1.6.0.jar:/Users/sunilshankaramurthy/.m2/repository/io/opentelemetry/opentelemetry-api-metrics/1.6.0-alpha/opentelemetry-api-metrics-1.6.0-alpha.jar:/Users/sunilshankaramurthy/.m2/repository/io/opentelemetry/opentelemetry-sdk/1.6.0/opentelemetry-sdk-1.6.0.jar:/Users/sunilshankaramurthy/.m2/repository/io/opentelemetry/opentelemetry-semconv/1.6.0-alpha/opentelemetry-semconv-1.6.0-alpha.jar:/Users/sunilshankaramurthy/.m2/repository/io/ous/jtoml/2.0.0/jtoml-2.0.0.jar:/Users/sunilshankaramurthy/.m2/repository/net/bytebuddy/byte-buddy/1.11.19/byte-buddy-1.11.19.jar:/Users/sunilshankaramurthy/.m2/repository/org/apache/commons/commons-exec/1.3/commons-exec-1.3.jar:/Users/sunilshankaramurthy/.m2/repository/org/asynchttpclient/async-http-client/2.12.3/async-http-client-2.12.3.jar:/Users/sunilshankaramurthy/.m2/repository/org/asynchttpclient/async-http-client-netty-utils/2.12.3/async-http-client-netty-utils-2.12.3.jar:/Users/sunilshankaramurthy/.m2/repository/io/netty/netty-codec-socks/4.1.60.Final/netty-codec-socks-4.1.60.Final.jar:/Users/sunilshankaramurthy/.m2/repository/io/netty/netty-handler-proxy/4.1.60.Final/netty-handler-proxy-4.1.60.Final.jar:/Users/sunilshankaramurthy/.m2/repository/io/netty/netty-transport-native-epoll/4.1.60.Final/netty-transport-native-epoll-4.1.60.Final-linux-x86_64.jar:/Users/sunilshankaramurthy/.m2/repository/io/netty/netty-transport-native-kqueue/4.1.60.Final/netty-transport-native-kqueue-4.1.60.Final-osx-x86_64.jar:/Users/sunilshankaramurthy/.m2/repository/com/typesafe/netty/netty-reactive-streams/2.0.4/netty-reactive-streams-2.0.4.jar:/Users/sunilshankaramurthy/.m2/repository/org/slf4j/slf4j-api/1.7.30/slf4j-api-1.7.30.jar:/Users/sunilshankaramurthy/.m2/repository/com/sun/activation/jakarta.activation/1.2.2/jakarta.activation-1.2.2.jar:/Users/sunilshankaramurthy/.m2/repository/org/seleniumhq/selenium/selenium-http/4.0.0/selenium-http-4.0.0.jar:/Users/sunilshankaramurthy/.m2/repository/org/seleniumhq/selenium/selenium-safari-driver/4.0.0/selenium-safari-driver-4.0.0.jar:/Users/sunilshankaramurthy/.m2/repository/org/seleniumhq/selenium/selenium-support/4.0.0/selenium-support-4.0.0.jar:/Users/sunilshankaramurthy/.m2/repository/tech/grasshopper/extentreports-cucumber6-adapter/2.8.4/extentreports-cucumber6-adapter-2.8.4.jar:/Users/sunilshankaramurthy/.m2/repository/tech/grasshopper/extent-pdf-report/1.7.4/extent-pdf-report-1.7.4.jar:/Users/sunilshankaramurthy/.m2/repository/tech/grasshopper/cucumber-pdf-report/2.2.4/cucumber-pdf-report-2.2.4.jar:/Users/sunilshankaramurthy/.m2/repository/org/apache/pdfbox/pdfbox/2.0.22/pdfbox-2.0.22.jar:/Users/sunilshankaramurthy/.m2/repository/org/apache/pdfbox/fontbox/2.0.22/fontbox-2.0.22.jar:/Users/sunilshankaramurthy/.m2/repository/org/knowm/xchart/xchart/3.8.0/xchart-3.8.0.jar:/Users/sunilshankaramurthy/.m2/repository/de/erichseifert/vectorgraphics2d/VectorGraphics2D/0.13/VectorGraphics2D-0.13.jar:/Users/sunilshankaramurthy/.m2/repository/de/rototor/pdfbox/graphics2d/0.30/graphics2d-0.30.jar:/Users/sunilshankaramurthy/.m2/repository/com/madgag/animated-gif-lib/1.4/animated-gif-lib-1.4.jar:/Users/sunilshankaramurthy/.m2/repository/tech/grasshopper/table-layout/1.2.0/table-layout-1.2.0.jar:/Users/sunilshankaramurthy/.m2/repository/org/jsoup/jsoup/1.13.1/jsoup-1.13.1.jar:/Users/sunilshankaramurthy/.m2/repository/com/aventstack/klov-reporter/5.0.8/klov-reporter-5.0.8.jar:/Users/sunilshankaramurthy/.m2/repository/org/mongodb/bson/3.6.4/bson-3.6.4.jar:/Users/sunilshankaramurthy/.m2/repository/org/apache/httpcomponents/httpclient/4.5.2/httpclient-4.5.2.jar:/Users/sunilshankaramurthy/.m2/repository/org/apache/httpcomponents/httpcore/4.4.4/httpcore-4.4.4.jar:/Users/sunilshankaramurthy/.m2/repository/commons-logging/commons-logging/1.2/commons-logging-1.2.jar:/Users/sunilshankaramurthy/.m2/repository/commons-codec/commons-codec/1.9/commons-codec-1.9.jar:/Users/sunilshankaramurthy/.m2/repository/org/apache/httpcomponents/httpmime/4.5.2/httpmime-4.5.2.jar:/Users/sunilshankaramurthy/.m2/repository/org/mongodb/mongodb-driver/3.3.0/mongodb-driver-3.3.0.jar:/Users/sunilshankaramurthy/.m2/repository/org/mongodb/mongodb-driver-core/3.3.0/mongodb-driver-core-3.3.0.jar:/Users/sunilshankaramurthy/.m2/repository/com/google/guava/guava/24.1-jre/guava-24.1-jre.jar:/Users/sunilshankaramurthy/.m2/repository/com/google/code/findbugs/jsr305/1.3.9/jsr305-1.3.9.jar:/Users/sunilshankaramurthy/.m2/repository/org/checkerframework/checker-compat-qual/2.0.0/checker-compat-qual-2.0.0.jar:/Users/sunilshankaramurthy/.m2/repository/com/google/errorprone/error_prone_annotations/2.1.3/error_prone_annotations-2.1.3.jar:/Users/sunilshankaramurthy/.m2/repository/com/google/j2objc/j2objc-annotations/1.1/j2objc-annotations-1.1.jar:/Users/sunilshankaramurthy/.m2/repository/org/codehaus/mojo/animal-sniffer-annotations/1.14/animal-sniffer-annotations-1.14.jar:/Users/sunilshankaramurthy/.m2/repository/com/aventstack/extentreports/5.0.8/extentreports-5.0.8.jar:/Users/sunilshankaramurthy/.m2/repository/io/reactivex/rxjava3/rxjava/3.0.4/rxjava-3.0.4.jar:/Users/sunilshankaramurthy/.m2/repository/org/reactivestreams/reactive-streams/1.0.3/reactive-streams-1.0.3.jar:/Users/sunilshankaramurthy/.m2/repository/org/freemarker/freemarker/2.3.30/freemarker-2.3.30.jar:/Users/sunilshankaramurthy/.m2/repository/org/projectlombok/lombok/1.18.12/lombok-1.18.12.jar:/Users/sunilshankaramurthy/.m2/repository/com/google/code/gson/gson/2.8.6/gson-2.8.6.jar:"/>
    <property name="sun.cpu.endian" value="little"/>
    <property name="user.home" value="/Users/sunilshankaramurthy"/>
    <property name="user.language" value="en"/>
    <property name="java.specification.vendor" value="Oracle Corporation"/>
    <property name="java.home" value="/Library/Java/JavaVirtualMachines/jdk1.8.0_281.jdk/Contents/Home/jre"/>
    <property name="testng.dtd.http" value="true"/>
    <property name="basedir" value="/Users/sunilshankaramurthy/MyProjs/UI_Automationss"/>
    <property name="file.separator" value="/"/>
    <property name="line.separator" value="&#10;"/>
    <property name="java.vm.specification.vendor" value="Oracle Corporation"/>
    <property name="java.specification.name" value="Java Platform API Specification"/>
    <property name="java.awt.graphicsenv" value="sun.awt.CGraphicsEnvironment"/>
    <property name="surefire.real.class.path" value="/Users/sunilshankaramurthy/MyProjs/UI_Automationss/target/surefire/surefirebooter4083542222606452515.jar"/>
    <property name="Browser" value="chrome"/>
    <property name="sun.boot.class.path" value="/Library/Java/JavaVirtualMachines/jdk1.8.0_281.jdk/Contents/Home/jre/lib/resources.jar:/Library/Java/JavaVirtualMachines/jdk1.8.0_281.jdk/Contents/Home/jre/lib/rt.jar:/Library/Java/JavaVirtualMachines/jdk1.8.0_281.jdk/Contents/Home/jre/lib/sunrsasign.jar:/Library/Java/JavaVirtualMachines/jdk1.8.0_281.jdk/Contents/Home/jre/lib/jsse.jar:/Library/Java/JavaVirtualMachines/jdk1.8.0_281.jdk/Contents/Home/jre/lib/jce.jar:/Library/Java/JavaVirtualMachines/jdk1.8.0_281.jdk/Contents/Home/jre/lib/charsets.jar:/Library/Java/JavaVirtualMachines/jdk1.8.0_281.jdk/Contents/Home/jre/lib/jfr.jar:/Library/Java/JavaVirtualMachines/jdk1.8.0_281.jdk/Contents/Home/jre/classes"/>
    <property name="sun.management.compiler" value="HotSpot 64-Bit Tiered Compilers"/>
    <property name="ftp.nonProxyHosts" value="local|*.local|169.254/16|*.169.254/16"/>
    <property name="java.runtime.version" value="1.8.0_281-b09"/>
    <property name="user.name" value="sunilshankaramurthy"/>
    <property name="path.separator" value=":"/>
    <property name="os.version" value="10.16"/>
    <property name="java.endorsed.dirs" value="/Library/Java/JavaVirtualMachines/jdk1.8.0_281.jdk/Contents/Home/jre/lib/endorsed"/>
    <property name="java.runtime.name" value="Java(TM) SE Runtime Environment"/>
    <property name="file.encoding" value="UTF-8"/>
    <property name="sun.nio.ch.bugLevel" value=""/>
    <property name="java.vm.name" value="Java HotSpot(TM) 64-Bit Server VM"/>
    <property name="localRepository" value="/Users/sunilshankaramurthy/.m2/repository"/>
    <property name="java.vendor.url.bug" value="http://bugreport.sun.com/bugreport/"/>
    <property name="java.io.tmpdir" value="/var/folders/kd/r_dng39x60q2v280z_7tqk9w0000gn/T/"/>
    <property name="java.version" value="1.8.0_281"/>
    <property name="user.dir" value="/Users/sunilshankaramurthy/MyProjs/UI_Automationss"/>
    <property name="os.arch" value="x86_64"/>
    <property name="java.vm.specification.name" value="Java Virtual Machine Specification"/>
    <property name="java.awt.printerjob" value="sun.lwawt.macosx.CPrinterJob"/>
    <property name="env" value="nonprod"/>
    <property name="sun.os.patch.level" value="unknown"/>
    <property name="java.library.path" value="/Users/sunilshankaramurthy/Library/Java/Extensions:/Library/Java/Extensions:/Network/Library/Java/Extensions:/System/Library/Java/Extensions:/usr/lib/java:."/>
    <property name="java.vm.info" value="mixed mode"/>
    <property name="java.vendor" value="Oracle Corporation"/>
    <property name="java.vm.version" value="25.281-b09"/>
    <property name="java.ext.dirs" value="/Users/sunilshankaramurthy/Library/Java/Extensions:/Library/Java/JavaVirtualMachines/jdk1.8.0_281.jdk/Contents/Home/jre/lib/ext:/Library/Java/Extensions:/Network/Library/Java/Extensions:/System/Library/Java/Extensions:/usr/lib/java"/>
    <property name="sun.io.unicode.encoding" value="UnicodeBig"/>
    <property name="java.class.version" value="52.0"/>
    <property name="socksNonProxyHosts" value="local|*.local|169.254/16|*.169.254/16"/>
  </properties>
  <testcase name="runScenario[&quot;Enter the mandatory details in the form&quot;, &quot;Optional[Get the Request call Back]&quot;](1)" classname="com.UI_Automation.runner.TestRunner" time="25.2">
    <system-out><![CDATA[[TestNGContentHandler] [WARN] It is strongly recommended to add "<!DOCTYPE suite SYSTEM "https://testng.org/testng-1.0.dtd" >" at the top of your file, otherwise TestNG may fail or not work as expected.

@Enter_Form_Details @SmokeTest
Scenario Outline: Enter the mandatory details in the form                                                                                          # features/Request_Call_Back.feature:11

@Enter_Form_Details @SmokeTest
Scenario Outline: Enter the mandatory details in the form                                                                                          # features/Request_Call_Back3.feature:11
***********************************************************************************
***********************************************************************************
**                                                                               **
**                                                                               **
**               BDD-TestNG-Cucumber Automation test Started!!!             **
**               BDD-TestNG-Cucumber Automation test Started!!!             **
**                                                                               **
**                                                                               **
***********************************************************************************
***********************************************************************************
  Given User is in Contact-us page                                                                                                                 # com.UI_Automation.stepdef.HomePage_StepDef.user_is_in_contact_us_page()
  When User enters the below details in the Request Call back form "Sunil","shankaramurthy","msunil1@gmail.com","0740000000","4 PM","Conveyancing" # com.UI_Automation.stepdef.HomePage_StepDef.user_enters_the_below_details_in_the_request_call_back_form(java.lang.String,java.lang.String,java.lang.String,java.lang.String,java.lang.String,java.lang.String)
  Then user should be able to see the entered details in the form                                                                                  # com.UI_Automation.stepdef.HomePage_StepDef.user_should_be_able_to_see_the_entered_details_in_the_form()
]]></system-out>
    <system-err><![CDATA[SLF4J: Failed to load class "org.slf4j.impl.StaticLoggerBinder".
SLF4J: Defaulting to no-operation (NOP) logger implementation
SLF4J: See http://www.slf4j.org/codes.html#StaticLoggerBinder for further details.
SSttaarrttiinngg  CChhrroommeeDDrriivveerr  110011..00..44995511.4.14 1( 9(3c9732c07d2b08d3b2833b233eb3cec1100dd005566002255aabb9955cc2233aa3311999977cc99--rreeffss//brbarnach-heads/4951@{#9n04}) on port 6c3840
Only lohcal connect-heads/495ions are all1@{#904}) on porot 6w2e3d9.2
O
nPllye alsoec asle ec ohntntections arep asl:l/o/wcehdr.o
mPelderaisvee sree.c hhrttpso:m/i/ucmh.roormge/dsreicvuerri.tcyh-rcoomnisuimd.eorragt/isecurity-oconsn sfiodr esruagtgieosnst ifoonr ss uoggestionns  kone ekeeping ChrompeDriver isnagf eC.h
romeDriver safe.
CChrhroommeeDDrriivvere rw waass  ssttaarrted successtfeudl ly.
successfully.
May 23, 2022 3:06:22 PM org.openqa.selenium.remote.ProtocolHandshake createSession
INFO: Detected dialect: W3C
May 23, 2022 3:06:23 PM org.openqa.selenium.devtools.CdpVersionFinder findNearestMatch
WARNING: Unable to find an exact match for CDP version 101, so returning the closest version found: a no-op implementation
May 23, 2022 3:06:23 PM org.openqa.selenium.devtools.CdpVersionFinder findNearestMatch
INFO: Unable to find CDP implementation matching 101.
May 23, 2022 3:06:23 PM org.openqa.selenium.chromium.ChromiumDriver lambda$new$3
WARNING: Unable to find version of CDP to use for . You may need to include a dependency on a specific version of the CDP using something similar to `org.seleniumhq.selenium:selenium-devtools-v86:4.0.0` where the version ("v86") matches the version of the chromium-based browser you're using and the version number of the artifact is the same as Selenium's.
May 23, 2022 3:06:31 PM org.openqa.selenium.remote.ProtocolHandshake createSession
INFO: Detected dialect: W3C
May 23, 2022 3:06:32 PM org.openqa.selenium.devtools.CdpVersionFinder findNearestMatch
WARNING: Unable to find an exact match for CDP version 101, so returning the closest version found: a no-op implementation
May 23, 2022 3:06:32 PM org.openqa.selenium.devtools.CdpVersionFinder findNearestMatch
INFO: Unable to find CDP implementation matching 101.
May 23, 2022 3:06:32 PM org.openqa.selenium.chromium.ChromiumDriver lambda$new$3
WARNING: Unable to find version of CDP to use for . You may need to include a dependency on a specific version of the CDP using something similar to `org.seleniumhq.selenium:selenium-devtools-v86:4.0.0` where the version ("v86") matches the version of the chromium-based browser you're using and the version number of the artifact is the same as Selenium's.
]]></system-err>
  </testcase>
  <testcase name="runScenario[&quot;Enter the mandatory details in the form&quot;, &quot;Optional[Get the Request call Back]&quot;](2)" classname="com.UI_Automation.runner.TestRunner" time="32.443">
    <system-out><![CDATA[  Given User is in Contact-us page                                                                                                                 # com.UI_Automation.stepdef.HomePage_StepDef.user_is_in_contact_us_page()
  When User enters the below details in the Request Call back form "Sunil","shankaramurthy","msunil1@gmail.com","0740000000","4 PM","Conveyancing" # com.UI_Automation.stepdef.HomePage_StepDef.user_enters_the_below_details_in_the_request_call_back_form(java.lang.String,java.lang.String,java.lang.String,java.lang.String,java.lang.String,java.lang.String)
  Then user should be able to see the entered details in the form                                                                                  # com.UI_Automation.stepdef.HomePage_StepDef.user_should_be_able_to_see_the_entered_details_in_the_form()
]]></system-out>
  </testcase>
</testsuite>