<?xml version="1.0" encoding="UTF-8"?>
<!-- Generated by org.testng.reporters.JUnitReportReporter -->
<testsuite skipped="0" hostname="C02F9WE5Q6L4" name="com.UI_Automation.runner.TestRunner" tests="2" failures="0" timestamp="2022-05-23T15:06:55 BST" time="57.580" errors="0">
  <testcase name="runScenario" time="32.445" classname="com.UI_Automation.runner.TestRunner"/>
  <system-out/>
  <testcase name="runScenario" time="25.135" classname="com.UI_Automation.runner.TestRunner"/>
  <system-out/>
</testsuite> <!-- com.UI_Automation.runner.TestRunner -->
